<?xml version="1.0" encoding="UTF-8"?>
<testng-results ignored="0" total="4" passed="4" failed="0" skipped="0">
  <reporter-output>
  </reporter-output>
  <suite started-at="2023-11-27T11:18:54 IST" name="Surefire suite" finished-at="2023-11-27T11:19:59 IST" duration-ms="64823">
    <groups>
      <group name="cucumber">
        <method signature="AbstractTestNGCucumberTests.runScenario(io.cucumber.testng.PickleWrapper,io.cucumber.testng.FeatureWrapper)[pri:0, instance:runner.TestRunner_SmartHospital@1700915]" name="runScenario" class="io.cucumber.testng.AbstractTestNGCucumberTests"/>
      </group> <!-- cucumber -->
    </groups>
    <test started-at="2023-11-27T11:18:54 IST" name="Surefire test" finished-at="2023-11-27T11:19:59 IST" duration-ms="64823">
      <class name="runner.TestRunner_SmartHospital">
        <test-method is-config="true" signature="setUpClass(org.testng.ITestContext)[pri:0, instance:runner.TestRunner_SmartHospital@1700915]" started-at="2023-11-27T11:18:54 IST" name="setUpClass" finished-at="2023-11-27T11:18:54 IST" duration-ms="293" status="PASS">
          <params>
            <param index="0">
              <value>
                <![CDATA[org.testng.TestRunner@552cede7]]>
              </value>
            </param>
          </params>
          <reporter-output>
          </reporter-output>
        </test-method> <!-- setUpClass -->
        <test-method signature="runScenario(io.cucumber.testng.PickleWrapper,io.cucumber.testng.FeatureWrapper)[pri:0, instance:runner.TestRunner_SmartHospital@1700915]" started-at="2023-11-27T11:18:54 IST" name="runScenario" description="Runs Cucumber Scenarios" data-provider="scenarios" finished-at="2023-11-27T11:19:09 IST" duration-ms="14903" status="PASS">
          <params>
            <param index="0">
              <value>
                <![CDATA["Searching the report and downloading the pdf"]]>
              </value>
            </param>
            <param index="1">
              <value>
                <![CDATA["Checking the User Login feature"]]>
              </value>
            </param>
          </params>
          <reporter-output>
          </reporter-output>
        </test-method> <!-- runScenario -->
        <test-method signature="runScenario(io.cucumber.testng.PickleWrapper,io.cucumber.testng.FeatureWrapper)[pri:0, instance:runner.TestRunner_SmartHospital@1700915]" started-at="2023-11-27T11:19:09 IST" name="runScenario" description="Runs Cucumber Scenarios" data-provider="scenarios" finished-at="2023-11-27T11:19:27 IST" duration-ms="17223" status="PASS">
          <params>
            <param index="0">
              <value>
                <![CDATA["Adding the payment details"]]>
              </value>
            </param>
            <param index="1">
              <value>
                <![CDATA["Checking the User Login feature"]]>
              </value>
            </param>
          </params>
          <reporter-output>
          </reporter-output>
        </test-method> <!-- runScenario -->
        <test-method signature="runScenario(io.cucumber.testng.PickleWrapper,io.cucumber.testng.FeatureWrapper)[pri:0, instance:runner.TestRunner_SmartHospital@1700915]" started-at="2023-11-27T11:19:27 IST" name="runScenario" description="Runs Cucumber Scenarios" data-provider="scenarios" finished-at="2023-11-27T11:19:39 IST" duration-ms="12225" status="PASS">
          <params>
            <param index="0">
              <value>
                <![CDATA["Sorting the component issue using component name"]]>
              </value>
            </param>
            <param index="1">
              <value>
                <![CDATA["Checking the User Login feature"]]>
              </value>
            </param>
          </params>
          <reporter-output>
          </reporter-output>
        </test-method> <!-- runScenario -->
        <test-method signature="runScenario(io.cucumber.testng.PickleWrapper,io.cucumber.testng.FeatureWrapper)[pri:0, instance:runner.TestRunner_SmartHospital@1700915]" started-at="2023-11-27T11:19:39 IST" name="runScenario" description="Runs Cucumber Scenarios" data-provider="scenarios" finished-at="2023-11-27T11:19:59 IST" duration-ms="19880" status="PASS">
          <params>
            <param index="0">
              <value>
                <![CDATA["Sending chat to the staff member"]]>
              </value>
            </param>
            <param index="1">
              <value>
                <![CDATA["Checking the User Login feature"]]>
              </value>
            </param>
          </params>
          <reporter-output>
          </reporter-output>
        </test-method> <!-- runScenario -->
        <test-method is-config="true" signature="tearDownClass()[pri:0, instance:runner.TestRunner_SmartHospital@1700915]" started-at="2023-11-27T11:19:59 IST" name="tearDownClass" finished-at="2023-11-27T11:19:59 IST" duration-ms="250" status="PASS">
          <reporter-output>
          </reporter-output>
        </test-method> <!-- tearDownClass -->
      </class> <!-- runner.TestRunner_SmartHospital -->
    </test> <!-- Surefire test -->
  </suite> <!-- Surefire suite -->
</testng-results>
